<?xml version="1.0" encoding="UTF-8" ?>
<testsuite tests="25" failures="2" name="TestSuite" time="5.077" errors="0" skipped="0">
  <properties>
[...]
</properties>
  <testcase classname="com.test.learning.IgnoreTest" name="ignoreTestOne" time="0"/>
  <testcase classname="com.test.learning.multithread.MultiThreadTest" name="test1" time="0"/>
  <testcase classname="com.test.learning.multithread.MultiThreadTest" name="test1" time="0.016"/>
  <testcase classname="com.test.learning.multithread.MultiThreadTest" name="test1" time="0"/>
  <testcase classname="com.test.learning.multithread.MultiThreadTest" name="test1" time="0"/>
  <testcase classname="com.test.learning.multithread.MultiThreadTest" name="test1" time="0"/>
  <testcase classname="com.test.learning.multithread.MultiThreadTest" name="test1" time="0"/>
  <testcase classname="com.test.learning.multithread.MultiThreadTest" name="test1" time="0"/>
  <testcase classname="com.test.learning.multithread.MultiThreadTest" name="test1" time="0"/>
  <testcase classname="com.test.learning.multithread.MultiThreadTest" name="test1" time="0"/>
  <testcase classname="com.test.learning.multithread.MultiThreadTest" name="test1" time="0"/>
  <testcase classname="com.test.learning.parameter.DataProviderTest" name="test1" time="0"/>
  <testcase classname="com.test.learning.parameter.DataProviderTest" name="test1" time="0"/>
  <testcase classname="com.test.learning.parameter.DataProviderTest" name="test2" time="0"/>
  <testcase classname="com.test.learning.parameter.DataProviderTest" name="test2" time="0"/>
  <testcase classname="com.test.learning.parameter.DataProviderTest" name="testDataProvide" time="0"/>
  <testcase classname="com.test.learning.parameter.DataProviderTest" name="testDataProvide" time="0"/>
  <testcase classname="com.test.learning.parameter.DataProviderTest" name="testDataProvide" time="0"/>
  <testcase classname="com.test.learning.parameter.ParameterTest" name="parameterTest" time="0.015">
    <failure message="
Parameter &apos;name&apos; is required by @Test on method parameterTest but has not been marked @Optional or defined
" type="org.testng.TestNGException">org.testng.TestNGException: 
Parameter &apos;name&apos; is required by @Test on method parameterTest but has not been marked @Optional or defined

	at org.testng.internal.Parameters.createParameters(Parameters.java:199)
	at org.testng.internal.Parameters.createParameters(Parameters.java:443)
	at org.testng.internal.Parameters.handleParameters(Parameters.java:568)
	at org.testng.internal.Invoker.handleParameters(Invoker.java:1293)
	at org.testng.internal.Invoker.createParameters(Invoker.java:1020)
	at org.testng.internal.Invoker.invokeTestMethods(Invoker.java:1110)
	at org.testng.internal.TestMethodWorker.invokeTestMethods(TestMethodWorker.java:129)
	at org.testng.internal.TestMethodWorker.run(TestMethodWorker.java:112)
	at org.testng.TestRunner.privateRun(TestRunner.java:756)
	at org.testng.TestRunner.run(TestRunner.java:610)
	at org.testng.SuiteRunner.runTest(SuiteRunner.java:387)
	at org.testng.SuiteRunner.runSequentially(SuiteRunner.java:382)
	at org.testng.SuiteRunner.privateRun(SuiteRunner.java:340)
	at org.testng.SuiteRunner.run(SuiteRunner.java:289)
	at org.testng.SuiteRunnerWorker.runSuite(SuiteRunnerWorker.java:52)
	at org.testng.SuiteRunnerWorker.run(SuiteRunnerWorker.java:86)
	at org.testng.TestNG.runSuitesSequentially(TestNG.java:1293)
	at org.testng.TestNG.runSuitesLocally(TestNG.java:1218)
	at org.testng.TestNG.runSuites(TestNG.java:1133)
	at org.testng.TestNG.run(TestNG.java:1104)
	at org.apache.maven.surefire.testng.TestNGExecutor.run(TestNGExecutor.java:77)
	at org.apache.maven.surefire.testng.TestNGDirectoryTestSuite.executeMulti(TestNGDirectoryTestSuite.java:159)
	at org.apache.maven.surefire.testng.TestNGDirectoryTestSuite.execute(TestNGDirectoryTestSuite.java:99)
	at org.apache.maven.surefire.testng.TestNGProvider.invoke(TestNGProvider.java:106)
	at sun.reflect.NativeMethodAccessorImpl.invoke0(Native Method)
	at sun.reflect.NativeMethodAccessorImpl.invoke(NativeMethodAccessorImpl.java:62)
	at sun.reflect.DelegatingMethodAccessorImpl.invoke(DelegatingMethodAccessorImpl.java:43)
	at java.lang.reflect.Method.invoke(Method.java:498)
	at org.apache.maven.surefire.util.ReflectionUtils.invokeMethodWithArray(ReflectionUtils.java:189)
	at org.apache.maven.surefire.booter.ProviderFactory$ProviderProxy.invoke(ProviderFactory.java:165)
	at org.apache.maven.surefire.booter.ProviderFactory.invokeProvider(ProviderFactory.java:85)
	at org.apache.maven.surefire.booter.ForkedBooter.runSuitesInProcess(ForkedBooter.java:115)
	at org.apache.maven.surefire.booter.ForkedBooter.main(ForkedBooter.java:75)
</failure>
    <system-err>[Error] org.testng.TestNGException: 
Parameter &amp;apos;name&amp;apos; is required by @Test on method parameterTest but has not been marked @Optional or defined

	at org.testng.internal.Parameters.createParameters(Parameters.java:199)
	at org.testng.internal.Parameters.createParameters(Parameters.java:443)
	at org.testng.internal.Parameters.handleParameters(Parameters.java:568)
	at org.testng.internal.Invoker.handleParameters(Invoker.java:1293)
	at org.testng.internal.Invoker.createParameters(Invoker.java:1020)
	at org.testng.internal.Invoker.invokeTestMethods(Invoker.java:1110)
	at org.testng.internal.TestMethodWorker.invokeTestMethods(TestMethodWorker.java:129)
	at org.testng.internal.TestMethodWorker.run(TestMethodWorker.java:112)
	at org.testng.TestRunner.privateRun(TestRunner.java:756)
	at org.testng.TestRunner.run(TestRunner.java:610)
	at org.testng.SuiteRunner.runTest(SuiteRunner.java:387)
	at org.testng.SuiteRunner.runSequentially(SuiteRunner.java:382)
	at org.testng.SuiteRunner.privateRun(SuiteRunner.java:340)
	at org.testng.SuiteRunner.run(SuiteRunner.java:289)
	at org.testng.SuiteRunnerWorker.runSuite(SuiteRunnerWorker.java:52)
	at org.testng.SuiteRunnerWorker.run(SuiteRunnerWorker.java:86)
	at org.testng.TestNG.runSuitesSequentially(TestNG.java:1293)
	at org.testng.TestNG.runSuitesLocally(TestNG.java:1218)
	at org.testng.TestNG.runSuites(TestNG.java:1133)
	at org.testng.TestNG.run(TestNG.java:1104)
	at org.apache.maven.surefire.testng.TestNGExecutor.run(TestNGExecutor.java:77)
	at org.apache.maven.surefire.testng.TestNGDirectoryTestSuite.executeMulti(TestNGDirectoryTestSuite.java:159)
	at org.apache.maven.surefire.testng.TestNGDirectoryTestSuite.execute(TestNGDirectoryTestSuite.java:99)
	at org.apache.maven.surefire.testng.TestNGProvider.invoke(TestNGProvider.java:106)
	at sun.reflect.NativeMethodAccessorImpl.invoke0(Native Method)
	at sun.reflect.NativeMethodAccessorImpl.invoke(NativeMethodAccessorImpl.java:62)
	at sun.reflect.DelegatingMethodAccessorImpl.invoke(DelegatingMethodAccessorImpl.java:43)
	at java.lang.reflect.Method.invoke(Method.java:498)
	at org.apache.maven.surefire.util.ReflectionUtils.invokeMethodWithArray(ReflectionUtils.java:189)
	at org.apache.maven.surefire.booter.ProviderFactory$ProviderProxy.invoke(ProviderFactory.java:165)
	at org.apache.maven.surefire.booter.ProviderFactory.invokeProvider(ProviderFactory.java:85)
	at org.apache.maven.surefire.booter.ForkedBooter.runSuitesInProcess(ForkedBooter.java:115)
	at org.apache.maven.surefire.booter.ForkedBooter.main(ForkedBooter.java:75)

</system-err>
  </testcase>
  <testcase classname="com.test.learning.suit.LoginTest" name="loginTaoBao" time="0"/>
  <testcase classname="com.test.learning.suit.PayTest" name="paySuccess" time="0"/>
  <testcase classname="com.test.learning.TestCases" name="testOne" time="0"/>
  <testcase classname="com.test.learning.TestCases" name="testTwo" time="0.016"/>
  <testcase classname="com.test.learning.TimeOutTest" name="timeOutFailed" time="3.015">
    <failure message="Method com.test.learning.TimeOutTest.timeOutFailed() didn&apos;t finish within the time-out 3000" type="org.testng.internal.thread.ThreadTimeoutException">org.testng.internal.thread.ThreadTimeoutException: Method com.test.learning.TimeOutTest.timeOutFailed() didn&apos;t finish within the time-out 3000
</failure>
    <system-out>AfterTest��������ִ�н���������
AfterClass ������ִ�н���~~~
</system-out>
  </testcase>
  <testcase classname="com.test.learning.TimeOutTest" name="timeOutSuccess" time="2.015"/>
</testsuite>