<?xml version="1.0" encoding="UTF-8"?>
<testng-results skipped="0" failed="1" ignored="0" total="3" passed="2">
  <reporter-output>
  </reporter-output>
  <suite name="com.myBatisStudy.MyTest" duration-ms="996" started-at="2021-02-21T04:50:37Z" finished-at="2021-02-21T04:50:38Z">
    <groups>
    </groups>
    <test name="Command line test" duration-ms="996" started-at="2021-02-21T04:50:37Z" finished-at="2021-02-21T04:50:38Z">
      <class name="com.myBatisStudy.MyTest">
        <test-method status="FAIL" signature="testInsertStudents()[pri:0, instance:com.myBatisStudy.MyTest@96532d6]" name="testInsertStudents" duration-ms="327" started-at="2021-02-21T12:50:37Z" finished-at="2021-02-21T12:50:37Z">
          <exception class="org.apache.ibatis.binding.BindingException">
            <message>
              <![CDATA[Invalid bound statement (not found): com.myBatisStudy.Dao.StudentDao.insertStudent]]>
            </message>
            <full-stacktrace>
              <![CDATA[org.apache.ibatis.binding.BindingException: Invalid bound statement (not found): com.myBatisStudy.Dao.StudentDao.insertStudent
	at org.apache.ibatis.binding.MapperMethod$SqlCommand.<init>(MapperMethod.java:235)
	at org.apache.ibatis.binding.MapperMethod.<init>(MapperMethod.java:53)
	at org.apache.ibatis.binding.MapperProxy.lambda$cachedMapperMethod$0(MapperProxy.java:62)
	at java.util.concurrent.ConcurrentHashMap.computeIfAbsent(ConcurrentHashMap.java:1660)
	at org.apache.ibatis.binding.MapperProxy.cachedMapperMethod(MapperProxy.java:62)
	at org.apache.ibatis.binding.MapperProxy.invoke(MapperProxy.java:57)
	at com.sun.proxy.$Proxy2.insertStudent(Unknown Source)
	at com.myBatisStudy.MyTest.testInsertStudents(MyTest.java:49)
	at sun.reflect.NativeMethodAccessorImpl.invoke0(Native Method)
	at sun.reflect.NativeMethodAccessorImpl.invoke(NativeMethodAccessorImpl.java:62)
	at sun.reflect.DelegatingMethodAccessorImpl.invoke(DelegatingMethodAccessorImpl.java:43)
	at java.lang.reflect.Method.invoke(Method.java:498)
	at org.testng.internal.MethodInvocationHelper.invokeMethod(MethodInvocationHelper.java:104)
	at org.testng.internal.Invoker.invokeMethod(Invoker.java:645)
	at org.testng.internal.Invoker.invokeTestMethod(Invoker.java:851)
	at org.testng.internal.Invoker.invokeTestMethods(Invoker.java:1177)
	at org.testng.internal.TestMethodWorker.invokeTestMethods(TestMethodWorker.java:129)
	at org.testng.internal.TestMethodWorker.run(TestMethodWorker.java:112)
	at org.testng.TestRunner.privateRun(TestRunner.java:756)
	at org.testng.TestRunner.run(TestRunner.java:610)
	at org.testng.SuiteRunner.runTest(SuiteRunner.java:387)
	at org.testng.SuiteRunner.runSequentially(SuiteRunner.java:382)
	at org.testng.SuiteRunner.privateRun(SuiteRunner.java:340)
	at org.testng.SuiteRunner.run(SuiteRunner.java:289)
	at org.testng.SuiteRunnerWorker.runSuite(SuiteRunnerWorker.java:52)
	at org.testng.SuiteRunnerWorker.run(SuiteRunnerWorker.java:86)
	at org.testng.TestNG.runSuitesSequentially(TestNG.java:1293)
	at org.testng.TestNG.runSuitesLocally(TestNG.java:1218)
	at org.testng.TestNG.runSuites(TestNG.java:1133)
	at org.testng.TestNG.run(TestNG.java:1104)
	at org.apache.maven.surefire.testng.TestNGExecutor.run(TestNGExecutor.java:77)
	at org.apache.maven.surefire.testng.TestNGDirectoryTestSuite.execute(TestNGDirectoryTestSuite.java:110)
	at org.apache.maven.surefire.testng.TestNGProvider.invoke(TestNGProvider.java:106)
	at sun.reflect.NativeMethodAccessorImpl.invoke0(Native Method)
	at sun.reflect.NativeMethodAccessorImpl.invoke(NativeMethodAccessorImpl.java:62)
	at sun.reflect.DelegatingMethodAccessorImpl.invoke(DelegatingMethodAccessorImpl.java:43)
	at java.lang.reflect.Method.invoke(Method.java:498)
	at org.apache.maven.surefire.util.ReflectionUtils.invokeMethodWithArray(ReflectionUtils.java:189)
	at org.apache.maven.surefire.booter.ProviderFactory$ProviderProxy.invoke(ProviderFactory.java:165)
	at org.apache.maven.surefire.booter.ProviderFactory.invokeProvider(ProviderFactory.java:85)
	at org.apache.maven.surefire.booter.ForkedBooter.runSuitesInProcess(ForkedBooter.java:115)
	at org.apache.maven.surefire.booter.ForkedBooter.main(ForkedBooter.java:75)
]]>
            </full-stacktrace>
          </exception> <!-- org.apache.ibatis.binding.BindingException -->
          <reporter-output>
          </reporter-output>
        </test-method> <!-- testInsertStudents -->
        <test-method status="PASS" signature="testSelectById()[pri:0, instance:com.myBatisStudy.MyTest@96532d6]" name="testSelectById" duration-ms="633" started-at="2021-02-21T12:50:37Z" finished-at="2021-02-21T12:50:38Z">
          <reporter-output>
          </reporter-output>
        </test-method> <!-- testSelectById -->
        <test-method status="PASS" signature="testSelectStudents()[pri:0, instance:com.myBatisStudy.MyTest@96532d6]" name="testSelectStudents" duration-ms="10" started-at="2021-02-21T12:50:38Z" finished-at="2021-02-21T12:50:38Z">
          <reporter-output>
          </reporter-output>
        </test-method> <!-- testSelectStudents -->
      </class> <!-- com.myBatisStudy.MyTest -->
    </test> <!-- Command line test -->
  </suite> <!-- com.myBatisStudy.MyTest -->
</testng-results>
