<?xml version="1.0" encoding="UTF-8" ?>
<testsuite tests="3" failures="1" name="com.myBatisStudy.MyTest" time="0.97" errors="0" skipped="0">
  <properties>
[...]
</properties>
  <testcase classname="com.myBatisStudy.MyTest" name="testInsertStudents" time="0.329">
    <failure message="Invalid bound statement (not found): com.myBatisStudy.Dao.StudentDao.insertStudent" type="org.apache.ibatis.binding.BindingException">org.apache.ibatis.binding.BindingException: Invalid bound statement (not found): com.myBatisStudy.Dao.StudentDao.insertStudent
	at org.apache.ibatis.binding.MapperMethod$SqlCommand.&lt;init&gt;(MapperMethod.java:235)
	at org.apache.ibatis.binding.MapperMethod.&lt;init&gt;(MapperMethod.java:53)
	at org.apache.ibatis.binding.MapperProxy.lambda$cachedMapperMethod$0(MapperProxy.java:62)
	at java.util.concurrent.ConcurrentHashMap.computeIfAbsent(ConcurrentHashMap.java:1660)
	at org.apache.ibatis.binding.MapperProxy.cachedMapperMethod(MapperProxy.java:62)
	at org.apache.ibatis.binding.MapperProxy.invoke(MapperProxy.java:57)
	at com.sun.proxy.$Proxy2.insertStudent(Unknown Source)
	at com.myBatisStudy.MyTest.testInsertStudents(MyTest.java:49)
</failure>
    <system-out>Configuring TestNG with: org.apache.maven.surefire.testng.conf.TestNG652Configurator@7d6f77cc
12:50:37.458 [main] DEBUG org.apache.ibatis.logging.LogFactory - Logging initialized using &apos;class org.apache.ibatis.logging.slf4j.Slf4jImpl&apos; adapter.
Logging initialized using &apos;class org.apache.ibatis.logging.stdout.StdOutImpl&apos; adapter.
Class not found: org.jboss.vfs.VFS
JBoss 6 VFS API is not available in this environment.
Class not found: org.jboss.vfs.VirtualFile
VFS implementation org.apache.ibatis.io.JBoss6VFS is not valid in this environment.
Using VFS adapter org.apache.ibatis.io.DefaultVFS
PooledDataSource forcefully closed/removed all connections.
PooledDataSource forcefully closed/removed all connections.
PooledDataSource forcefully closed/removed all connections.
PooledDataSource forcefully closed/removed all connections.
</system-out>
  </testcase>
  <testcase classname="com.myBatisStudy.MyTest" name="testSelectById" time="0.631"/>
  <testcase classname="com.myBatisStudy.MyTest" name="testSelectStudents" time="0.01"/>
</testsuite>