<?xml version="1.0" encoding="UTF-8"?>
<!-- Generated by org.testng.reporters.JUnitXMLReporter -->
<testsuite hostname="WIN10-20180414V" ignored="0" name="Command line test" tests="3" failures="1" timestamp="21 二月 2021 04:50:38 GMT" time="0.996" errors="0">
  <testcase name="testInsertStudents" time="0.327" classname="com.myBatisStudy.MyTest">
    <failure type="org.apache.ibatis.binding.BindingException" message="Invalid bound statement (not found): com.myBatisStudy.Dao.StudentDao.insertStudent">
      <![CDATA[org.apache.ibatis.binding.BindingException: Invalid bound statement (not found): com.myBatisStudy.Dao.StudentDao.insertStudent
	at org.apache.ibatis.binding.MapperMethod$SqlCommand.<init>(MapperMethod.java:235)
	at org.apache.ibatis.binding.MapperMethod.<init>(MapperMethod.java:53)
	at org.apache.ibatis.binding.MapperProxy.lambda$cachedMapperMethod$0(MapperProxy.java:62)
	at java.util.concurrent.ConcurrentHashMap.computeIfAbsent(ConcurrentHashMap.java:1660)
	at org.apache.ibatis.binding.MapperProxy.cachedMapperMethod(MapperProxy.java:62)
	at org.apache.ibatis.binding.MapperProxy.invoke(MapperProxy.java:57)
	at com.sun.proxy.$Proxy2.insertStudent(Unknown Source)
	at com.myBatisStudy.MyTest.testInsertStudents(MyTest.java:49)
... Removed 34 stack frames]]>
    </failure>
  </testcase> <!-- testInsertStudents -->
  <testcase name="testSelectById" time="0.633" classname="com.myBatisStudy.MyTest"/>
  <testcase name="testSelectStudents" time="0.01" classname="com.myBatisStudy.MyTest"/>
</testsuite> <!-- Command line test -->
